<?xml version="1.0" encoding="UTF-8"?>
<testsuite name="com.aor.numbers.ListSorterTest" tests="2" skipped="0" failures="0" errors="0" timestamp="2021-11-25T20:17:02" hostname="MBP-de-Manuel" time="0.024">
  <properties/>
  <testcase name="sort()" classname="com.aor.numbers.ListSorterTest" time="0.022"/>
  <testcase name="sort_coverage()" classname="com.aor.numbers.ListSorterTest" time="0.001"/>
  <system-out><![CDATA[]]></system-out>
  <system-err><![CDATA[]]></system-err>
</testsuite>
